2025-10-16 13:05:29 | INFO | lift | FSM: set_current_state - current_state = IDLE from: None
2025-10-16 13:05:29 | INFO | lift | liftFSM started
2025-10-16 13:05:29 | INFO | lift | FSM:current state IDLE
2025-10-16 13:05:29 | INFO | lift | State: IDLE  current floor: 0
2025-10-16 13:05:29 | INFO | lift | State: IDLE (sleep)  Current floor: 0
2025-10-16 13:05:47 | INFO | lift | Lift wake up from the sleep current floor is 0
2025-10-16 13:05:47 | INFO | lift | State: IDLE  current floor: 0
2025-10-16 13:05:47 | INFO | lift | FSM:current state MOVING-UP
2025-10-16 13:05:47 | INFO | lift | Moving up from floor 0
2025-10-16 13:05:49 | INFO | lift | Moving up from floor 1
2025-10-16 13:05:51 | INFO | lift | Moving up from floor 2
2025-10-16 13:05:53 | INFO | lift | Moving up from floor 3
2025-10-16 13:05:55 | INFO | lift | Moving up from floor 4
2025-10-16 13:05:56 | INFO | lift | Emergency mode activated.
2025-10-16 13:05:57 | INFO | lift | FSM:current state IDLE
2025-10-16 13:05:57 | INFO | lift | State: IDLE  current floor: 5
2025-10-16 13:05:57 | INFO | lift | FSM:current state EMERGENCY
2025-10-16 13:05:57 | WARNING | lift | State--> emergency stop at current floor: 5
2025-10-16 13:05:57 | INFO | lift | FSM:current state WAITING
2025-10-16 13:05:57 | INFO | lift | Waiting for user input to resume at floor5
2025-10-16 13:08:18 | INFO | lift | FSM: set_current_state - current_state = IDLE from: None
2025-10-16 13:08:18 | INFO | lift | liftFSM started
2025-10-16 13:08:18 | INFO | lift | FSM:current state IDLE
2025-10-16 13:08:18 | INFO | lift | State: IDLE  current floor: 0
2025-10-16 13:08:18 | INFO | lift | State: IDLE (sleep)  Current floor: 0
2025-10-16 13:08:33 | INFO | lift | FSM: set_current_state - current_state = IDLE from: None
2025-10-16 13:08:33 | INFO | lift | liftFSM started
2025-10-16 13:08:33 | INFO | lift | FSM:current state IDLE
2025-10-16 13:08:33 | INFO | lift | State: IDLE  current floor: 0
2025-10-16 13:08:33 | INFO | lift | State: IDLE (sleep)  Current floor: 0
2025-10-16 13:08:43 | INFO | lift | FSM: set_current_state - current_state = IDLE from: None
2025-10-16 13:08:43 | INFO | lift | liftFSM started
2025-10-16 13:08:43 | INFO | lift | FSM:current state IDLE
2025-10-16 13:08:43 | INFO | lift | State: IDLE  current floor: 0
2025-10-16 13:08:43 | INFO | lift | State: IDLE (sleep)  Current floor: 0
2025-10-16 13:08:44 | INFO | lift | FSM: set_current_state - current_state = IDLE from: None
2025-10-16 13:08:44 | INFO | lift | liftFSM started
2025-10-16 13:08:44 | INFO | lift | FSM:current state IDLE
2025-10-16 13:08:44 | INFO | lift | State: IDLE  current floor: 0
2025-10-16 13:08:44 | INFO | lift | State: IDLE (sleep)  Current floor: 0
2025-10-16 13:08:48 | INFO | lift | FSM: set_current_state - current_state = IDLE from: None
2025-10-16 13:08:48 | INFO | lift | liftFSM started
2025-10-16 13:08:48 | INFO | lift | FSM:current state IDLE
2025-10-16 13:08:48 | INFO | lift | State: IDLE  current floor: 0
2025-10-16 13:08:48 | INFO | lift | State: IDLE (sleep)  Current floor: 0
2025-10-16 13:52:30 | INFO | lift | FSM: set_current_state - current_state = IDLE from: None
2025-10-16 13:52:30 | INFO | lift | liftFSM started
2025-10-16 13:52:30 | INFO | lift | FSM:current state IDLE
2025-10-16 13:52:30 | INFO | lift | State: IDLE  current floor: 0
2025-10-16 13:52:30 | INFO | lift | State: IDLE (sleep)  Current floor: 0
2025-10-16 13:52:40 | INFO | lift | Lift wake up from the sleep current floor is 0
2025-10-16 13:52:40 | INFO | lift | State: IDLE  current floor: 0
2025-10-16 13:52:40 | INFO | lift | FSM:current state MOVING-UP
2025-10-16 13:52:40 | INFO | lift | Moving up from floor 0
2025-10-16 13:52:42 | INFO | lift | Moving up from floor 1
2025-10-16 13:52:44 | INFO | lift | Moving up from floor 2
2025-10-16 13:52:46 | INFO | lift | Moving up from floor 3
2025-10-16 13:52:48 | INFO | lift | Moving up from floor 4
2025-10-16 13:52:50 | INFO | lift | Moving up from floor 5
2025-10-16 13:52:52 | INFO | lift | Emergency mode activated.
2025-10-16 13:52:52 | INFO | lift | Moving up from floor 6
2025-10-16 13:52:52 | INFO | lift | FSM:current state EMERGENCY
2025-10-16 13:52:52 | WARNING | lift | State--> emergency stop at current floor: 7
2025-10-16 13:52:52 | INFO | lift | FSM:current state WAITING
2025-10-16 13:52:52 | INFO | lift | Waiting for user input to resume at floor7
2025-10-16 13:53:59 | INFO | lift | first Resume lift first
2025-10-16 13:54:27 | INFO | lift | Lift resumed from emergency.
2025-10-16 13:54:27 | INFO | lift | FSM:current state RESUME
2025-10-16 13:54:27 | INFO | lift | State-->resume returning to ground from 7
2025-10-16 13:54:27 | INFO | lift | FSM:current state MOVING-DOWN
2025-10-16 13:54:27 | INFO | lift | Resume flag detected at floor 7
2025-10-16 13:54:29 | INFO | lift | Lift moving down during resume. Now at floor 6
2025-10-16 13:54:29 | INFO | lift | Resume flag detected at floor 6
2025-10-16 13:54:31 | INFO | lift | Lift moving down during resume. Now at floor 5
2025-10-16 13:54:31 | INFO | lift | Resume flag detected at floor 5
2025-10-16 13:54:33 | INFO | lift | Lift moving down during resume. Now at floor 4
2025-10-16 13:54:33 | INFO | lift | Resume flag detected at floor 4
2025-10-16 13:54:35 | INFO | lift | Lift moving down during resume. Now at floor 3
2025-10-16 13:54:35 | INFO | lift | Resume flag detected at floor 3
2025-10-16 13:54:37 | INFO | lift | Lift moving down during resume. Now at floor 2
2025-10-16 13:54:37 | INFO | lift | Resume flag detected at floor 2
2025-10-16 13:54:39 | INFO | lift | Lift moving down during resume. Now at floor 1
2025-10-16 13:54:39 | INFO | lift | Resume flag detected at floor 1
2025-10-16 13:54:41 | INFO | lift | Lift moving down during resume. Now at floor 0
2025-10-16 13:54:41 | INFO | lift | Resume flag detected at floor 0
2025-10-16 13:54:41 | INFO | lift | Lift reached at ground floor.
2025-10-16 13:54:41 | INFO | lift | Moving down from floor 0
2025-10-16 13:54:41 | INFO | lift | FSM:current state IDLE
2025-10-16 13:54:41 | INFO | lift | State: IDLE  current floor: 0
2025-10-16 13:54:41 | INFO | lift | State: IDLE (sleep)  Current floor: 0
2025-10-16 14:04:56 | INFO | lift | FSM: set_current_state - current_state = IDLE from: None
2025-10-16 14:04:56 | INFO | lift | liftFSM started
2025-10-16 14:04:56 | INFO | lift | FSM:current state IDLE
2025-10-16 14:04:56 | INFO | lift | State: IDLE  current floor: 0
2025-10-16 14:04:56 | INFO | lift | State: IDLE (sleep)  Current floor: 0
2025-10-16 14:04:57 | INFO | lift | FSM: set_current_state - current_state = IDLE from: None
2025-10-16 14:04:57 | INFO | lift | liftFSM started
2025-10-16 14:04:57 | INFO | lift | FSM:current state IDLE
2025-10-16 14:04:57 | INFO | lift | State: IDLE  current floor: 0
2025-10-16 14:04:57 | INFO | lift | State: IDLE (sleep)  Current floor: 0
2025-10-16 14:24:57 | INFO | lift | Emergency mode activated.
2025-10-16 14:28:54 | INFO | lift | FSM: set_current_state - current_state = IDLE from: None
2025-10-16 14:28:54 | INFO | lift | liftFSM started
2025-10-16 14:28:54 | INFO | lift | FSM:current state IDLE
2025-10-16 14:28:54 | INFO | lift | State: IDLE  current floor: 0
2025-10-16 14:28:54 | INFO | lift | State: IDLE (sleep)  Current floor: 0
2025-10-16 14:29:42 | INFO | lift | FSM: set_current_state - current_state = IDLE from: None
2025-10-16 14:29:42 | INFO | lift | liftFSM started
2025-10-16 14:29:43 | INFO | lift | FSM:current state IDLE
2025-10-16 14:29:43 | INFO | lift | State: IDLE  current floor: 0
2025-10-16 14:29:43 | INFO | lift | State: IDLE (sleep)  Current floor: 0
2025-10-16 14:29:45 | INFO | lift | FSM: set_current_state - current_state = IDLE from: None
2025-10-16 14:29:45 | INFO | lift | liftFSM started
2025-10-16 14:29:45 | INFO | lift | FSM:current state IDLE
2025-10-16 14:29:45 | INFO | lift | State: IDLE  current floor: 0
2025-10-16 14:29:45 | INFO | lift | State: IDLE (sleep)  Current floor: 0
2025-10-16 14:30:12 | INFO | lift | FSM: set_current_state - current_state = IDLE from: None
2025-10-16 14:30:12 | INFO | lift | liftFSM started
2025-10-16 14:30:12 | INFO | lift | FSM:current state IDLE
2025-10-16 14:30:12 | INFO | lift | State: IDLE  current floor: 0
2025-10-16 14:30:12 | INFO | lift | State: IDLE (sleep)  Current floor: 0
2025-10-16 14:33:09 | INFO | lift | Lift wake up from the sleep current floor is 0
2025-10-16 14:33:09 | INFO | lift | State: IDLE  current floor: 0
2025-10-16 14:33:09 | INFO | lift | FSM:current state MOVING-UP
2025-10-16 14:33:09 | INFO | lift | Moving up from floor 0
2025-10-16 14:33:11 | INFO | lift | Moving up from floor 1
2025-10-16 14:33:13 | INFO | lift | Moving up from floor 2
2025-10-16 14:33:15 | INFO | lift | Moving up from floor 3
2025-10-16 14:33:17 | INFO | lift | Moving up from floor 4
2025-10-16 14:33:19 | INFO | lift | Reached floor ===========================================>5
2025-10-16 14:33:19 | INFO | lift | FSM:current state WAITING
2025-10-16 14:33:19 | INFO | lift | Waiting at floor 5
2025-10-16 14:33:21 | INFO | lift | FSM:current state IDLE
2025-10-16 14:33:21 | INFO | lift | State: IDLE  current floor: 5
2025-10-16 14:33:21 | INFO | lift | FSM:current state MOVING-UP
2025-10-16 14:33:21 | INFO | lift | Moving up from floor 5
2025-10-16 14:33:23 | INFO | lift | Moving up from floor 6
2025-10-16 14:33:25 | INFO | lift | Moving up from floor 7
2025-10-16 14:33:27 | INFO | lift | Moving up from floor 8
2025-10-16 14:33:29 | INFO | lift | Moving up from floor 9
2025-10-16 14:33:31 | INFO | lift | Reached floor ===========================================>10
2025-10-16 14:33:31 | INFO | lift | FSM:current state WAITING
2025-10-16 14:33:31 | INFO | lift | Waiting at floor 10
2025-10-16 14:33:33 | INFO | lift | FSM:current state IDLE
2025-10-16 14:33:33 | INFO | lift | State: IDLE  current floor: 10
2025-10-16 14:33:33 | INFO | lift | FSM:current state MOVING-DOWN
2025-10-16 14:33:33 | INFO | lift | Moving down from floor 10
2025-10-16 14:33:35 | INFO | lift | Moving down from floor 9
2025-10-16 14:33:37 | INFO | lift | Moving down from floor 8
2025-10-16 14:33:39 | INFO | lift | Reached at floor ==================>7
2025-10-16 14:33:39 | INFO | lift | FSM:current state WAITING
2025-10-16 14:33:39 | INFO | lift | Waiting at floor 7
2025-10-16 14:33:41 | INFO | lift | FSM:current state IDLE
2025-10-16 14:33:41 | INFO | lift | State: IDLE  current floor: 7
2025-10-16 14:33:41 | INFO | lift | State: IDLE (sleep)  Current floor: 7
2025-10-16 14:34:59 | INFO | lift | Lift wake up from the sleep current floor is 7
2025-10-16 14:34:59 | INFO | lift | State: IDLE  current floor: 7
2025-10-16 14:34:59 | INFO | lift | FSM:current state MOVING-DOWN
2025-10-16 14:34:59 | INFO | lift | Moving down from floor 7
2025-10-16 14:35:01 | INFO | lift | Moving down from floor 6
2025-10-16 14:35:03 | INFO | lift | Moving down from floor 5
2025-10-16 14:35:05 | INFO | lift | Reached at floor ==================>4
2025-10-16 14:35:05 | INFO | lift | FSM:current state WAITING
2025-10-16 14:35:05 | INFO | lift | Waiting at floor 4
2025-10-16 14:35:07 | INFO | lift | FSM:current state IDLE
2025-10-16 14:35:07 | INFO | lift | State: IDLE  current floor: 4
2025-10-16 14:35:07 | INFO | lift | State: IDLE (sleep)  Current floor: 4
2025-10-16 14:35:15 | INFO | lift | Lift wake up from the sleep current floor is 4
2025-10-16 14:35:15 | INFO | lift | State: IDLE  current floor: 4
2025-10-16 14:35:15 | INFO | lift | FSM:current state MOVING-DOWN
2025-10-16 14:35:15 | INFO | lift | Moving down from floor 4
2025-10-16 14:35:17 | INFO | lift | Moving down from floor 3
2025-10-16 14:35:19 | INFO | lift | Reached at floor ==================>2
2025-10-16 14:35:19 | INFO | lift | FSM:current state WAITING
2025-10-16 14:35:19 | INFO | lift | Waiting at floor 2
2025-10-16 14:35:21 | INFO | lift | FSM:current state IDLE
2025-10-16 14:35:21 | INFO | lift | State: IDLE  current floor: 2
2025-10-16 14:35:21 | INFO | lift | State: IDLE (sleep)  Current floor: 2
